(yy-mm-dd)

Versión 0.2.0 (2024-04-18)
Funcionalidad
 + Creación de proyecto en Android con kotlin.
 + Conexión de android con la API de forma local.
 + Creación de Fragmento y Barra de navegación.

Versión 0.1.3 (2024-04-17)
Mejora 
 + Conexión a la base de datos
 + Lógica API
 + Mas end points

Versión 0.1.2 (2024-04-14)
Mejora 
 + Mejora Scraper.
 + Mas atributos para los Eventos.

Versión 0.1.1 (2024-04-10)
Funcionalidad 
 + Guardar usuarios en la base de datos mediante la API.
 + Guardar eventos en la base de datos mediante la API.

Versión 0.1.0 (2024-04-9)
Funcionalidad 
 + Creación de la API.
Mejoras 
 + Scraper
